

*******************************************************************************
Mon Apr 07 16:18:42 2014


FIT:    data read from input using 1:2
        format = x:z
        #datapoints = 6
        residuals are weighted equally (unit weight)

function used for fitting: f(x)
fitted parameters initialized with current variable values



 Iteration 0
 WSSR        : 180531            delta(WSSR)/WSSR   : 0
 delta(WSSR) : 0                 limit for stopping : 1e-005
 lambda	  : 0.00458908

initial set of free parameter values

a               = 1e-030
b               = -1

After 5 iterations the fit converged.
final sum of squares of residuals : 15.5691
rel. change during last iteration : -1.08443e-007

degrees of freedom    (FIT_NDF)                        : 4
rms of residuals      (FIT_STDFIT) = sqrt(WSSR/ndf)    : 1.97288
variance of residuals (reduced chisquare) = WSSR/ndf   : 3.89226

Final set of parameters            Asymptotic Standard Error
=======================            ==========================

a               = 33804.1          +/- 2361         (6.984%)
b               = -1.04793         +/- 0.01427      (1.362%)


correlation matrix of the fit parameters:

               a      b      
a               1.000 
b              -0.998  1.000 


*******************************************************************************
Mon Apr 07 16:43:59 2014


FIT:    data read from input using 1:2
        format = x:z
        #datapoints = 6
        residuals are weighted equally (unit weight)

function used for fitting: f(x)
fitted parameters initialized with current variable values



 Iteration 0
 WSSR        : 180531            delta(WSSR)/WSSR   : 0
 delta(WSSR) : 0                 limit for stopping : 1e-005
 lambda	  : 0.00458908

initial set of free parameter values

a               = 1e-030
b               = -1

After 5 iterations the fit converged.
final sum of squares of residuals : 15.5691
rel. change during last iteration : -1.08443e-007

degrees of freedom    (FIT_NDF)                        : 4
rms of residuals      (FIT_STDFIT) = sqrt(WSSR/ndf)    : 1.97288
variance of residuals (reduced chisquare) = WSSR/ndf   : 3.89226

Final set of parameters            Asymptotic Standard Error
=======================            ==========================

a               = 33804.1          +/- 2361         (6.984%)
b               = -1.04793         +/- 0.01427      (1.362%)


correlation matrix of the fit parameters:

               a      b      
a               1.000 
b              -0.998  1.000 


*******************************************************************************
Mon Apr 07 16:44:00 2014


FIT:    data read from input using 1:3
        format = x:z
        #datapoints = 5
        residuals are weighted equally (unit weight)

function used for fitting: f(x)
fitted parameters initialized with current variable values



 Iteration 0
 WSSR        : 2.28489e+006      delta(WSSR)/WSSR   : 0
 delta(WSSR) : 0                 limit for stopping : 1e-005
 lambda	  : 0.00390789

initial set of free parameter values

a               = 1e-030
b               = -1

After 273 iterations the fit converged.
final sum of squares of residuals : 341.521
rel. change during last iteration : -4.46077e-008

degrees of freedom    (FIT_NDF)                        : 3
rms of residuals      (FIT_STDFIT) = sqrt(WSSR/ndf)    : 10.6696
variance of residuals (reduced chisquare) = WSSR/ndf   : 113.84

Final set of parameters            Asymptotic Standard Error
=======================            ==========================

a               = 2.85589          +/- 0.3932       (13.77%)
b               = 1.0126           +/- 0.02498      (2.467%)


correlation matrix of the fit parameters:

               a      b      
a               1.000 
b              -0.999  1.000 


*******************************************************************************
Mon Apr 07 16:44:47 2014


FIT:    data read from input using 1:2
        format = x:z
        #datapoints = 6
        residuals are weighted equally (unit weight)

function used for fitting: f(x)
fitted parameters initialized with current variable values



 Iteration 0
 WSSR        : 180531            delta(WSSR)/WSSR   : 0
 delta(WSSR) : 0                 limit for stopping : 1e-005
 lambda	  : 0.00458908

initial set of free parameter values

a               = 1e-030
b               = -1

After 5 iterations the fit converged.
final sum of squares of residuals : 15.5691
rel. change during last iteration : -1.08443e-007

degrees of freedom    (FIT_NDF)                        : 4
rms of residuals      (FIT_STDFIT) = sqrt(WSSR/ndf)    : 1.97288
variance of residuals (reduced chisquare) = WSSR/ndf   : 3.89226

Final set of parameters            Asymptotic Standard Error
=======================            ==========================

a               = 33804.1          +/- 2361         (6.984%)
b               = -1.04793         +/- 0.01427      (1.362%)


correlation matrix of the fit parameters:

               a      b      
a               1.000 
b              -0.998  1.000 


*******************************************************************************
Mon Apr 07 16:44:47 2014


FIT:    data read from input using 1:3
        format = x:z
        #datapoints = 5
        residuals are weighted equally (unit weight)

function used for fitting: f(x)
fitted parameters initialized with current variable values



 Iteration 0
 WSSR        : 2.28489e+006      delta(WSSR)/WSSR   : 0
 delta(WSSR) : 0                 limit for stopping : 1e-005
 lambda	  : 0.00390789

initial set of free parameter values

a               = 1e-030
b               = -1

After 273 iterations the fit converged.
final sum of squares of residuals : 341.521
rel. change during last iteration : -4.46077e-008

degrees of freedom    (FIT_NDF)                        : 3
rms of residuals      (FIT_STDFIT) = sqrt(WSSR/ndf)    : 10.6696
variance of residuals (reduced chisquare) = WSSR/ndf   : 113.84

Final set of parameters            Asymptotic Standard Error
=======================            ==========================

a               = 2.85589          +/- 0.3932       (13.77%)
b               = 1.0126           +/- 0.02498      (2.467%)


correlation matrix of the fit parameters:

               a      b      
a               1.000 
b              -0.999  1.000 


*******************************************************************************
Mon Apr 07 16:46:09 2014


FIT:    data read from input using 1:2
        format = x:z
        #datapoints = 6
        residuals are weighted equally (unit weight)

function used for fitting: f(x)
fitted parameters initialized with current variable values



 Iteration 0
 WSSR        : 180531            delta(WSSR)/WSSR   : 0
 delta(WSSR) : 0                 limit for stopping : 1e-005
 lambda	  : 0.00458908

initial set of free parameter values

a               = 1e-030
b               = -1

After 5 iterations the fit converged.
final sum of squares of residuals : 15.5691
rel. change during last iteration : -1.08443e-007

degrees of freedom    (FIT_NDF)                        : 4
rms of residuals      (FIT_STDFIT) = sqrt(WSSR/ndf)    : 1.97288
variance of residuals (reduced chisquare) = WSSR/ndf   : 3.89226

Final set of parameters            Asymptotic Standard Error
=======================            ==========================

a               = 33804.1          +/- 2361         (6.984%)
b               = -1.04793         +/- 0.01427      (1.362%)


correlation matrix of the fit parameters:

               a      b      
a               1.000 
b              -0.998  1.000 


*******************************************************************************
Mon Apr 07 16:46:09 2014


FIT:    data read from input using 1:3
        format = x:z
        #datapoints = 5
        residuals are weighted equally (unit weight)

function used for fitting: f(x)
fitted parameters initialized with current variable values



 Iteration 0
 WSSR        : 2.28489e+006      delta(WSSR)/WSSR   : 0
 delta(WSSR) : 0                 limit for stopping : 1e-005
 lambda	  : 156.179

initial set of free parameter values

a               = 1e-030
b               = 1

After 4 iterations the fit converged.
final sum of squares of residuals : 341.521
rel. change during last iteration : -1.446e-006

degrees of freedom    (FIT_NDF)                        : 3
rms of residuals      (FIT_STDFIT) = sqrt(WSSR/ndf)    : 10.6696
variance of residuals (reduced chisquare) = WSSR/ndf   : 113.84

Final set of parameters            Asymptotic Standard Error
=======================            ==========================

a               = 2.85589          +/- 0.3932       (13.77%)
b               = 1.0126           +/- 0.02498      (2.467%)


correlation matrix of the fit parameters:

               a      b      
a               1.000 
b              -0.999  1.000 


*******************************************************************************
Mon Apr 07 16:48:21 2014


FIT:    data read from input using 1:2
        format = x:z
        #datapoints = 6
        residuals are weighted equally (unit weight)

function used for fitting: f(x)
fitted parameters initialized with current variable values



 Iteration 0
 WSSR        : 180531            delta(WSSR)/WSSR   : 0
 delta(WSSR) : 0                 limit for stopping : 1e-005
 lambda	  : 0.00458908

initial set of free parameter values

a               = 1e-030
b               = -1

After 5 iterations the fit converged.
final sum of squares of residuals : 15.5691
rel. change during last iteration : -1.08443e-007

degrees of freedom    (FIT_NDF)                        : 4
rms of residuals      (FIT_STDFIT) = sqrt(WSSR/ndf)    : 1.97288
variance of residuals (reduced chisquare) = WSSR/ndf   : 3.89226

Final set of parameters            Asymptotic Standard Error
=======================            ==========================

a               = 33804.1          +/- 2361         (6.984%)
b               = -1.04793         +/- 0.01427      (1.362%)


correlation matrix of the fit parameters:

               a      b      
a               1.000 
b              -0.998  1.000 


*******************************************************************************
Mon Apr 07 16:49:46 2014


FIT:    data read from input using 1:2
        format = x:z
        #datapoints = 6
        residuals are weighted equally (unit weight)

function used for fitting: f(x)
fitted parameters initialized with current variable values



 Iteration 0
 WSSR        : 180531            delta(WSSR)/WSSR   : 0
 delta(WSSR) : 0                 limit for stopping : 1e-005
 lambda	  : 0.00458908

initial set of free parameter values

a               = 1e-030
b               = -1

After 5 iterations the fit converged.
final sum of squares of residuals : 15.5691
rel. change during last iteration : -1.08443e-007

degrees of freedom    (FIT_NDF)                        : 4
rms of residuals      (FIT_STDFIT) = sqrt(WSSR/ndf)    : 1.97288
variance of residuals (reduced chisquare) = WSSR/ndf   : 3.89226

Final set of parameters            Asymptotic Standard Error
=======================            ==========================

a               = 33804.1          +/- 2361         (6.984%)
b               = -1.04793         +/- 0.01427      (1.362%)


correlation matrix of the fit parameters:

               a      b      
a               1.000 
b              -0.998  1.000 


*******************************************************************************
Mon Apr 07 16:49:46 2014


FIT:    data read from input using 1:3
        format = x:z
        #datapoints = 5
        residuals are weighted equally (unit weight)

function used for fitting: f(x)
fitted parameters initialized with current variable values



 Iteration 0
 WSSR        : 2.27846e+006      delta(WSSR)/WSSR   : 0
 delta(WSSR) : 0                 limit for stopping : 1e-005
 lambda	  : 0.707107

initial set of free parameter values

a               = 1e-030
b               = 1

After 3 iterations the fit converged.
final sum of squares of residuals : 211853
rel. change during last iteration : -8.04578e-008

degrees of freedom    (FIT_NDF)                        : 3
rms of residuals      (FIT_STDFIT) = sqrt(WSSR/ndf)    : 265.74
variance of residuals (reduced chisquare) = WSSR/ndf   : 70617.7

BREAK:          Singular matrix in Invert_RtR



*******************************************************************************
Mon Apr 07 16:50:26 2014


FIT:    data read from input using 1:2
        format = x:z
        #datapoints = 6
        residuals are weighted equally (unit weight)

function used for fitting: f(x)
fitted parameters initialized with current variable values



 Iteration 0
 WSSR        : 180531            delta(WSSR)/WSSR   : 0
 delta(WSSR) : 0                 limit for stopping : 1e-005
 lambda	  : 0.00458908

initial set of free parameter values

a               = 1e-030
b               = -1

After 5 iterations the fit converged.
final sum of squares of residuals : 15.5691
rel. change during last iteration : -1.08443e-007

degrees of freedom    (FIT_NDF)                        : 4
rms of residuals      (FIT_STDFIT) = sqrt(WSSR/ndf)    : 1.97288
variance of residuals (reduced chisquare) = WSSR/ndf   : 3.89226

Final set of parameters            Asymptotic Standard Error
=======================            ==========================

a               = 33804.1          +/- 2361         (6.984%)
b               = -1.04793         +/- 0.01427      (1.362%)


correlation matrix of the fit parameters:

               a      b      
a               1.000 
b              -0.998  1.000 


*******************************************************************************
Mon Apr 07 16:50:27 2014


FIT:    data read from input using 1:3
        format = x:z
        #datapoints = 5
        residuals are weighted equally (unit weight)

function used for fitting: f(x)
fitted parameters initialized with current variable values



 Iteration 0
 WSSR        : 2.27846e+006      delta(WSSR)/WSSR   : 0
 delta(WSSR) : 0                 limit for stopping : 1e-005
 lambda	  : 0.707107

initial set of free parameter values

a               = 1
b               = 1e-030

After 3 iterations the fit converged.
final sum of squares of residuals : 211853
rel. change during last iteration : -8.04578e-008

degrees of freedom    (FIT_NDF)                        : 3
rms of residuals      (FIT_STDFIT) = sqrt(WSSR/ndf)    : 265.74
variance of residuals (reduced chisquare) = WSSR/ndf   : 70617.7

BREAK:          Singular matrix in Invert_RtR



*******************************************************************************
Mon Apr 07 16:50:36 2014


FIT:    data read from input using 1:2
        format = x:z
        #datapoints = 6
        residuals are weighted equally (unit weight)

function used for fitting: f(x)
fitted parameters initialized with current variable values



 Iteration 0
 WSSR        : 180531            delta(WSSR)/WSSR   : 0
 delta(WSSR) : 0                 limit for stopping : 1e-005
 lambda	  : 0.00458908

initial set of free parameter values

a               = 1e-030
b               = -1

After 5 iterations the fit converged.
final sum of squares of residuals : 15.5691
rel. change during last iteration : -1.08443e-007

degrees of freedom    (FIT_NDF)                        : 4
rms of residuals      (FIT_STDFIT) = sqrt(WSSR/ndf)    : 1.97288
variance of residuals (reduced chisquare) = WSSR/ndf   : 3.89226

Final set of parameters            Asymptotic Standard Error
=======================            ==========================

a               = 33804.1          +/- 2361         (6.984%)
b               = -1.04793         +/- 0.01427      (1.362%)


correlation matrix of the fit parameters:

               a      b      
a               1.000 
b              -0.998  1.000 


*******************************************************************************
Mon Apr 07 16:50:36 2014


FIT:    data read from input using 1:3
        format = x:z
        #datapoints = 6
        residuals are weighted equally (unit weight)

function used for fitting: f(x)
fitted parameters initialized with current variable values



 Iteration 0
 WSSR        : 2.27846e+006      delta(WSSR)/WSSR   : 0
 delta(WSSR) : 0                 limit for stopping : 1e-005
 lambda	  : 0.707107

initial set of free parameter values

a               = 1
b               = 1e-030

After 3 iterations the fit converged.
final sum of squares of residuals : 557359
rel. change during last iteration : -1.26677e-008

degrees of freedom    (FIT_NDF)                        : 4
rms of residuals      (FIT_STDFIT) = sqrt(WSSR/ndf)    : 373.282
variance of residuals (reduced chisquare) = WSSR/ndf   : 139340

BREAK:          Singular matrix in Invert_RtR



*******************************************************************************
Mon Apr 07 16:50:47 2014


FIT:    data read from input using 1:2
        format = x:z
        #datapoints = 6
        residuals are weighted equally (unit weight)

function used for fitting: f(x)
fitted parameters initialized with current variable values



 Iteration 0
 WSSR        : 180531            delta(WSSR)/WSSR   : 0
 delta(WSSR) : 0                 limit for stopping : 1e-005
 lambda	  : 0.00458908

initial set of free parameter values

a               = 1e-030
b               = -1

After 5 iterations the fit converged.
final sum of squares of residuals : 15.5691
rel. change during last iteration : -1.08443e-007

degrees of freedom    (FIT_NDF)                        : 4
rms of residuals      (FIT_STDFIT) = sqrt(WSSR/ndf)    : 1.97288
variance of residuals (reduced chisquare) = WSSR/ndf   : 3.89226

Final set of parameters            Asymptotic Standard Error
=======================            ==========================

a               = 33804.1          +/- 2361         (6.984%)
b               = -1.04793         +/- 0.01427      (1.362%)


correlation matrix of the fit parameters:

               a      b      
a               1.000 
b              -0.998  1.000 


*******************************************************************************
Mon Apr 07 16:50:48 2014


FIT:    data read from input using 1:3
        format = x:z
        #datapoints = 5
        residuals are weighted equally (unit weight)

function used for fitting: f(x)
fitted parameters initialized with current variable values



 Iteration 0
 WSSR        : 2.27846e+006      delta(WSSR)/WSSR   : 0
 delta(WSSR) : 0                 limit for stopping : 1e-005
 lambda	  : 0.707107

initial set of free parameter values

a               = 1
b               = 1e-030

After 3 iterations the fit converged.
final sum of squares of residuals : 211853
rel. change during last iteration : -8.04578e-008

degrees of freedom    (FIT_NDF)                        : 3
rms of residuals      (FIT_STDFIT) = sqrt(WSSR/ndf)    : 265.74
variance of residuals (reduced chisquare) = WSSR/ndf   : 70617.7

BREAK:          Singular matrix in Invert_RtR



*******************************************************************************
Mon Apr 07 16:51:01 2014


FIT:    data read from input using 1:2
        format = x:z
        #datapoints = 6
        residuals are weighted equally (unit weight)

function used for fitting: f(x)
fitted parameters initialized with current variable values



 Iteration 0
 WSSR        : 180531            delta(WSSR)/WSSR   : 0
 delta(WSSR) : 0                 limit for stopping : 1e-005
 lambda	  : 0.00458908

initial set of free parameter values

a               = 1e-030
b               = -1

After 5 iterations the fit converged.
final sum of squares of residuals : 15.5691
rel. change during last iteration : -1.08443e-007

degrees of freedom    (FIT_NDF)                        : 4
rms of residuals      (FIT_STDFIT) = sqrt(WSSR/ndf)    : 1.97288
variance of residuals (reduced chisquare) = WSSR/ndf   : 3.89226

Final set of parameters            Asymptotic Standard Error
=======================            ==========================

a               = 33804.1          +/- 2361         (6.984%)
b               = -1.04793         +/- 0.01427      (1.362%)


correlation matrix of the fit parameters:

               a      b      
a               1.000 
b              -0.998  1.000 


*******************************************************************************
Mon Apr 07 16:51:02 2014


FIT:    data read from input using 1:3
        format = x:z
        #datapoints = 5
        residuals are weighted equally (unit weight)

function used for fitting: f(x)
fitted parameters initialized with current variable values



 Iteration 0
 WSSR        : 2.28489e+006      delta(WSSR)/WSSR   : 0
 delta(WSSR) : 0                 limit for stopping : 1e-005
 lambda	  : 156.179

initial set of free parameter values

a               = 1e-030
b               = 1

After 4 iterations the fit converged.
final sum of squares of residuals : 341.521
rel. change during last iteration : -1.446e-006

degrees of freedom    (FIT_NDF)                        : 3
rms of residuals      (FIT_STDFIT) = sqrt(WSSR/ndf)    : 10.6696
variance of residuals (reduced chisquare) = WSSR/ndf   : 113.84

Final set of parameters            Asymptotic Standard Error
=======================            ==========================

a               = 2.85589          +/- 0.3932       (13.77%)
b               = 1.0126           +/- 0.02498      (2.467%)


correlation matrix of the fit parameters:

               a      b      
a               1.000 
b              -0.999  1.000 


*******************************************************************************
Mon Apr 07 16:51:25 2014


FIT:    data read from input using 1:2
        format = x:z
        #datapoints = 6
        residuals are weighted equally (unit weight)

function used for fitting: f(x)
fitted parameters initialized with current variable values



 Iteration 0
 WSSR        : 180531            delta(WSSR)/WSSR   : 0
 delta(WSSR) : 0                 limit for stopping : 1e-005
 lambda	  : 0.00458908

initial set of free parameter values

a               = 1e-030
b               = -1

After 5 iterations the fit converged.
final sum of squares of residuals : 15.5691
rel. change during last iteration : -1.08443e-007

degrees of freedom    (FIT_NDF)                        : 4
rms of residuals      (FIT_STDFIT) = sqrt(WSSR/ndf)    : 1.97288
variance of residuals (reduced chisquare) = WSSR/ndf   : 3.89226

Final set of parameters            Asymptotic Standard Error
=======================            ==========================

a               = 33804.1          +/- 2361         (6.984%)
b               = -1.04793         +/- 0.01427      (1.362%)


correlation matrix of the fit parameters:

               a      b      
a               1.000 
b              -0.998  1.000 


*******************************************************************************
Mon Apr 07 16:51:26 2014


FIT:    data read from input using 1:3
        format = x:z
        #datapoints = 5
        residuals are weighted equally (unit weight)

function used for fitting: f(x)
fitted parameters initialized with current variable values



 Iteration 0
 WSSR        : 3.84321e+010      delta(WSSR)/WSSR   : 0
 delta(WSSR) : 0                 limit for stopping : 1e-005
 lambda	  : 344238

initial set of free parameter values

a               = 400
b               = 1

After 132 iterations the fit converged.
final sum of squares of residuals : 341.521
rel. change during last iteration : -2.9979e-011

degrees of freedom    (FIT_NDF)                        : 3
rms of residuals      (FIT_STDFIT) = sqrt(WSSR/ndf)    : 10.6696
variance of residuals (reduced chisquare) = WSSR/ndf   : 113.84

Final set of parameters            Asymptotic Standard Error
=======================            ==========================

a               = 2.85591          +/- 0.3932       (13.77%)
b               = 1.0126           +/- 0.02498      (2.467%)


correlation matrix of the fit parameters:

               a      b      
a               1.000 
b              -0.999  1.000 


*******************************************************************************
Mon Apr 07 16:51:52 2014


FIT:    data read from input using 1:2
        format = x:z
        #datapoints = 6
        residuals are weighted equally (unit weight)

function used for fitting: f(x)
fitted parameters initialized with current variable values



 Iteration 0
 WSSR        : 180531            delta(WSSR)/WSSR   : 0
 delta(WSSR) : 0                 limit for stopping : 1e-005
 lambda	  : 0.00458908

initial set of free parameter values

a               = 1e-030
b               = -1

After 5 iterations the fit converged.
final sum of squares of residuals : 15.5691
rel. change during last iteration : -1.08443e-007

degrees of freedom    (FIT_NDF)                        : 4
rms of residuals      (FIT_STDFIT) = sqrt(WSSR/ndf)    : 1.97288
variance of residuals (reduced chisquare) = WSSR/ndf   : 3.89226

Final set of parameters            Asymptotic Standard Error
=======================            ==========================

a               = 33804.1          +/- 2361         (6.984%)
b               = -1.04793         +/- 0.01427      (1.362%)


correlation matrix of the fit parameters:

               a      b      
a               1.000 
b              -0.998  1.000 


*******************************************************************************
Mon Apr 07 16:51:53 2014


FIT:    data read from input using 1:3:3
        format = x:z:s
        #datapoints = 5
function used for fitting: f(x)
fitted parameters initialized with current variable values



 Iteration 0
 WSSR        : 84454.9           delta(WSSR)/WSSR   : 0
 delta(WSSR) : 0                 limit for stopping : 1e-005
 lambda	  : 492.795

initial set of free parameter values

a               = 400
b               = 1

After 126 iterations the fit converged.
final sum of squares of residuals : 0.000735517
rel. change during last iteration : -3.74509e-008

degrees of freedom    (FIT_NDF)                        : 3
rms of residuals      (FIT_STDFIT) = sqrt(WSSR/ndf)    : 0.015658
variance of residuals (reduced chisquare) = WSSR/ndf   : 0.000245172

Final set of parameters            Asymptotic Standard Error
=======================            ==========================

a               = 2.94562          +/- 0.3398       (11.53%)
b               = 1.00682          +/- 0.02167      (2.152%)


correlation matrix of the fit parameters:

               a      b      
a               1.000 
b              -0.998  1.000 


*******************************************************************************
Mon Apr 07 16:53:47 2014


FIT:    data read from input using 1:2
        format = x:z
        #datapoints = 6
        residuals are weighted equally (unit weight)

function used for fitting: f(x)
fitted parameters initialized with current variable values



 Iteration 0
 WSSR        : 180531            delta(WSSR)/WSSR   : 0
 delta(WSSR) : 0                 limit for stopping : 1e-005
 lambda	  : 0.00458908

initial set of free parameter values

a               = 1e-030
b               = -1

After 5 iterations the fit converged.
final sum of squares of residuals : 15.5691
rel. change during last iteration : -1.08443e-007

degrees of freedom    (FIT_NDF)                        : 4
rms of residuals      (FIT_STDFIT) = sqrt(WSSR/ndf)    : 1.97288
variance of residuals (reduced chisquare) = WSSR/ndf   : 3.89226

Final set of parameters            Asymptotic Standard Error
=======================            ==========================

a               = 33804.1          +/- 2361         (6.984%)
b               = -1.04793         +/- 0.01427      (1.362%)


correlation matrix of the fit parameters:

               a      b      
a               1.000 
b              -0.998  1.000 


*******************************************************************************
Mon Apr 07 16:53:47 2014


FIT:    data read from input using 1:3:3
        format = x:z:s
        #datapoints = 5
function used for fitting: f(x)
fitted parameters initialized with current variable values



 Iteration 0
 WSSR        : 84454.9           delta(WSSR)/WSSR   : 0
 delta(WSSR) : 0                 limit for stopping : 1e-005
 lambda	  : 492.795

initial set of free parameter values

a               = 400
b               = 1

After 126 iterations the fit converged.
final sum of squares of residuals : 0.000735517
rel. change during last iteration : -3.74509e-008

degrees of freedom    (FIT_NDF)                        : 3
rms of residuals      (FIT_STDFIT) = sqrt(WSSR/ndf)    : 0.015658
variance of residuals (reduced chisquare) = WSSR/ndf   : 0.000245172

Final set of parameters            Asymptotic Standard Error
=======================            ==========================

a               = 2.94562          +/- 0.3398       (11.53%)
b               = 1.00682          +/- 0.02167      (2.152%)


correlation matrix of the fit parameters:

               a      b      
a               1.000 
b              -0.998  1.000 


*******************************************************************************
Mon Apr 07 17:06:21 2014


FIT:    data read from input using 1:2
        format = x:z
        #datapoints = 6
        residuals are weighted equally (unit weight)

function used for fitting: f(x)
fitted parameters initialized with current variable values



 Iteration 0
 WSSR        : 180531            delta(WSSR)/WSSR   : 0
 delta(WSSR) : 0                 limit for stopping : 1e-005
 lambda	  : 0.00458908

initial set of free parameter values

a               = 1e-030
b               = -1

After 5 iterations the fit converged.
final sum of squares of residuals : 15.5691
rel. change during last iteration : -1.08443e-007

degrees of freedom    (FIT_NDF)                        : 4
rms of residuals      (FIT_STDFIT) = sqrt(WSSR/ndf)    : 1.97288
variance of residuals (reduced chisquare) = WSSR/ndf   : 3.89226

Final set of parameters            Asymptotic Standard Error
=======================            ==========================

a               = 33804.1          +/- 2361         (6.984%)
b               = -1.04793         +/- 0.01427      (1.362%)


correlation matrix of the fit parameters:

               a      b      
a               1.000 
b              -0.998  1.000 


*******************************************************************************
Mon Apr 07 17:06:21 2014


FIT:    data read from input using 1:3:3
        format = x:z:s
        #datapoints = 5
function used for fitting: f(x)
fitted parameters initialized with current variable values



 Iteration 0
 WSSR        : 0.00232322        delta(WSSR)/WSSR   : 0
 delta(WSSR) : 0                 limit for stopping : 1e-005
 lambda	  : 3.70321

initial set of free parameter values

a               = 3
b               = 1

After 6 iterations the fit converged.
final sum of squares of residuals : 0.000735517
rel. change during last iteration : -2.91375e-010

degrees of freedom    (FIT_NDF)                        : 3
rms of residuals      (FIT_STDFIT) = sqrt(WSSR/ndf)    : 0.015658
variance of residuals (reduced chisquare) = WSSR/ndf   : 0.000245172

Final set of parameters            Asymptotic Standard Error
=======================            ==========================

a               = 2.94562          +/- 0.3398       (11.53%)
b               = 1.00682          +/- 0.02167      (2.152%)


correlation matrix of the fit parameters:

               a      b      
a               1.000 
b              -0.998  1.000 


*******************************************************************************
Mon Apr 07 17:07:01 2014


FIT:    data read from input using 1:2
        format = x:z
        #datapoints = 6
        residuals are weighted equally (unit weight)

function used for fitting: f(x)
fitted parameters initialized with current variable values



 Iteration 0
 WSSR        : 180531            delta(WSSR)/WSSR   : 0
 delta(WSSR) : 0                 limit for stopping : 1e-005
 lambda	  : 0.00458908

initial set of free parameter values

a               = 1e-030
b               = -1

After 5 iterations the fit converged.
final sum of squares of residuals : 15.5691
rel. change during last iteration : -1.08443e-007

degrees of freedom    (FIT_NDF)                        : 4
rms of residuals      (FIT_STDFIT) = sqrt(WSSR/ndf)    : 1.97288
variance of residuals (reduced chisquare) = WSSR/ndf   : 3.89226

Final set of parameters            Asymptotic Standard Error
=======================            ==========================

a               = 33804.1          +/- 2361         (6.984%)
b               = -1.04793         +/- 0.01427      (1.362%)


correlation matrix of the fit parameters:

               a      b      
a               1.000 
b              -0.998  1.000 


*******************************************************************************
Mon Apr 07 17:07:01 2014


FIT:    data read from input using 1:3:3
        format = x:z:s
        #datapoints = 5
function used for fitting: f(x)
fitted parameters initialized with current variable values



 Iteration 0
 WSSR        : 0.00232322        delta(WSSR)/WSSR   : 0
 delta(WSSR) : 0                 limit for stopping : 1e-005
 lambda	  : 3.70321

initial set of free parameter values

a               = 3
b               = 1

After 6 iterations the fit converged.
final sum of squares of residuals : 0.000735517
rel. change during last iteration : -2.91375e-010

degrees of freedom    (FIT_NDF)                        : 3
rms of residuals      (FIT_STDFIT) = sqrt(WSSR/ndf)    : 0.015658
variance of residuals (reduced chisquare) = WSSR/ndf   : 0.000245172

Final set of parameters            Asymptotic Standard Error
=======================            ==========================

a               = 2.94562          +/- 0.3398       (11.53%)
b               = 1.00682          +/- 0.02167      (2.152%)


correlation matrix of the fit parameters:

               a      b      
a               1.000 
b              -0.998  1.000 


*******************************************************************************
Mon Apr 07 17:07:42 2014


FIT:    data read from input using 1:2
        format = x:z
        #datapoints = 6
        residuals are weighted equally (unit weight)

function used for fitting: f(x)
fitted parameters initialized with current variable values



 Iteration 0
 WSSR        : 180531            delta(WSSR)/WSSR   : 0
 delta(WSSR) : 0                 limit for stopping : 1e-005
 lambda	  : 0.00458908

initial set of free parameter values

a               = 1e-030
b               = -1

After 5 iterations the fit converged.
final sum of squares of residuals : 15.5691
rel. change during last iteration : -1.08443e-007

degrees of freedom    (FIT_NDF)                        : 4
rms of residuals      (FIT_STDFIT) = sqrt(WSSR/ndf)    : 1.97288
variance of residuals (reduced chisquare) = WSSR/ndf   : 3.89226

Final set of parameters            Asymptotic Standard Error
=======================            ==========================

a               = 33804.1          +/- 2361         (6.984%)
b               = -1.04793         +/- 0.01427      (1.362%)


correlation matrix of the fit parameters:

               a      b      
a               1.000 
b              -0.998  1.000 


*******************************************************************************
Mon Apr 07 17:07:42 2014


FIT:    data read from input using 1:3:3
        format = x:z:s
        #datapoints = 5
function used for fitting: f(x)
fitted parameters initialized with current variable values



 Iteration 0
 WSSR        : 0.00232322        delta(WSSR)/WSSR   : 0
 delta(WSSR) : 0                 limit for stopping : 1e-005
 lambda	  : 3.70321

initial set of free parameter values

a               = 3
b               = 1

After 6 iterations the fit converged.
final sum of squares of residuals : 0.000735517
rel. change during last iteration : -2.91375e-010

degrees of freedom    (FIT_NDF)                        : 3
rms of residuals      (FIT_STDFIT) = sqrt(WSSR/ndf)    : 0.015658
variance of residuals (reduced chisquare) = WSSR/ndf   : 0.000245172

Final set of parameters            Asymptotic Standard Error
=======================            ==========================

a               = 2.94562          +/- 0.3398       (11.53%)
b               = 1.00682          +/- 0.02167      (2.152%)


correlation matrix of the fit parameters:

               a      b      
a               1.000 
b              -0.998  1.000 


*******************************************************************************
Mon Apr 07 17:08:31 2014


FIT:    data read from input using 1:2
        format = x:z
	y range restricted to [100.000 : 315.000]
        #datapoints = 6
        residuals are weighted equally (unit weight)

function used for fitting: f(x)
fitted parameters initialized with current variable values



 Iteration 0
 WSSR        : 180531            delta(WSSR)/WSSR   : 0
 delta(WSSR) : 0                 limit for stopping : 1e-005
 lambda	  : 0.00458908

initial set of free parameter values

a               = 1e-030
b               = -1

After 5 iterations the fit converged.
final sum of squares of residuals : 15.5691
rel. change during last iteration : -1.08443e-007

degrees of freedom    (FIT_NDF)                        : 4
rms of residuals      (FIT_STDFIT) = sqrt(WSSR/ndf)    : 1.97288
variance of residuals (reduced chisquare) = WSSR/ndf   : 3.89226

Final set of parameters            Asymptotic Standard Error
=======================            ==========================

a               = 33804.1          +/- 2361         (6.984%)
b               = -1.04793         +/- 0.01427      (1.362%)


correlation matrix of the fit parameters:

               a      b      
a               1.000 
b              -0.998  1.000 


*******************************************************************************
Mon Apr 07 17:08:31 2014


FIT:    data read from input using 1:3:3
        format = x:z:s
	y range restricted to [100.000 : 315.000]
        #datapoints = 5
function used for fitting: f(x)
fitted parameters initialized with current variable values



 Iteration 0
 WSSR        : 0.00232322        delta(WSSR)/WSSR   : 0
 delta(WSSR) : 0                 limit for stopping : 1e-005
 lambda	  : 3.70321

initial set of free parameter values

a               = 3
b               = 1

After 6 iterations the fit converged.
final sum of squares of residuals : 0.000735517
rel. change during last iteration : -2.91375e-010

degrees of freedom    (FIT_NDF)                        : 3
rms of residuals      (FIT_STDFIT) = sqrt(WSSR/ndf)    : 0.015658
variance of residuals (reduced chisquare) = WSSR/ndf   : 0.000245172

Final set of parameters            Asymptotic Standard Error
=======================            ==========================

a               = 2.94562          +/- 0.3398       (11.53%)
b               = 1.00682          +/- 0.02167      (2.152%)


correlation matrix of the fit parameters:

               a      b      
a               1.000 
b              -0.998  1.000 


*******************************************************************************
Mon Apr 07 17:09:16 2014


FIT:    data read from input using 1:2
        format = x:z
	y range restricted to [100.000 : 350.000]
        #datapoints = 6
        residuals are weighted equally (unit weight)

function used for fitting: f(x)
fitted parameters initialized with current variable values



 Iteration 0
 WSSR        : 180531            delta(WSSR)/WSSR   : 0
 delta(WSSR) : 0                 limit for stopping : 1e-005
 lambda	  : 0.00458908

initial set of free parameter values

a               = 1e-030
b               = -1

After 5 iterations the fit converged.
final sum of squares of residuals : 15.5691
rel. change during last iteration : -1.08443e-007

degrees of freedom    (FIT_NDF)                        : 4
rms of residuals      (FIT_STDFIT) = sqrt(WSSR/ndf)    : 1.97288
variance of residuals (reduced chisquare) = WSSR/ndf   : 3.89226

Final set of parameters            Asymptotic Standard Error
=======================            ==========================

a               = 33804.1          +/- 2361         (6.984%)
b               = -1.04793         +/- 0.01427      (1.362%)


correlation matrix of the fit parameters:

               a      b      
a               1.000 
b              -0.998  1.000 


*******************************************************************************
Mon Apr 07 17:09:17 2014


FIT:    data read from input using 1:3:3
        format = x:z:s
	y range restricted to [100.000 : 350.000]
        #datapoints = 5
function used for fitting: f(x)
fitted parameters initialized with current variable values



 Iteration 0
 WSSR        : 0.00232322        delta(WSSR)/WSSR   : 0
 delta(WSSR) : 0                 limit for stopping : 1e-005
 lambda	  : 3.70321

initial set of free parameter values

a               = 3
b               = 1

After 6 iterations the fit converged.
final sum of squares of residuals : 0.000735517
rel. change during last iteration : -2.91375e-010

degrees of freedom    (FIT_NDF)                        : 3
rms of residuals      (FIT_STDFIT) = sqrt(WSSR/ndf)    : 0.015658
variance of residuals (reduced chisquare) = WSSR/ndf   : 0.000245172

Final set of parameters            Asymptotic Standard Error
=======================            ==========================

a               = 2.94562          +/- 0.3398       (11.53%)
b               = 1.00682          +/- 0.02167      (2.152%)


correlation matrix of the fit parameters:

               a      b      
a               1.000 
b              -0.998  1.000 


*******************************************************************************
Mon Apr 07 17:12:41 2014


FIT:    data read from input using 1:2
        format = x:z
	y range restricted to [100.000 : 350.000]
        #datapoints = 6
        residuals are weighted equally (unit weight)

function used for fitting: f(x)
fitted parameters initialized with current variable values



 Iteration 0
 WSSR        : 180531            delta(WSSR)/WSSR   : 0
 delta(WSSR) : 0                 limit for stopping : 1e-005
 lambda	  : 0.00458908

initial set of free parameter values

a               = 1e-030
b               = -1

After 5 iterations the fit converged.
final sum of squares of residuals : 15.5691
rel. change during last iteration : -1.08443e-007

degrees of freedom    (FIT_NDF)                        : 4
rms of residuals      (FIT_STDFIT) = sqrt(WSSR/ndf)    : 1.97288
variance of residuals (reduced chisquare) = WSSR/ndf   : 3.89226

Final set of parameters            Asymptotic Standard Error
=======================            ==========================

a               = 33804.1          +/- 2361         (6.984%)
b               = -1.04793         +/- 0.01427      (1.362%)


correlation matrix of the fit parameters:

               a      b      
a               1.000 
b              -0.998  1.000 


*******************************************************************************
Mon Apr 07 17:12:42 2014


FIT:    data read from input using 1:3:3
        format = x:z:s
	y range restricted to [100.000 : 350.000]
        #datapoints = 5
function used for fitting: f(x)
fitted parameters initialized with current variable values



 Iteration 0
 WSSR        : 0.00232322        delta(WSSR)/WSSR   : 0
 delta(WSSR) : 0                 limit for stopping : 1e-005
 lambda	  : 3.70321

initial set of free parameter values

a               = 3
b               = 1

After 6 iterations the fit converged.
final sum of squares of residuals : 0.000735517
rel. change during last iteration : -2.91375e-010

degrees of freedom    (FIT_NDF)                        : 3
rms of residuals      (FIT_STDFIT) = sqrt(WSSR/ndf)    : 0.015658
variance of residuals (reduced chisquare) = WSSR/ndf   : 0.000245172

Final set of parameters            Asymptotic Standard Error
=======================            ==========================

a               = 2.94562          +/- 0.3398       (11.53%)
b               = 1.00682          +/- 0.02167      (2.152%)


correlation matrix of the fit parameters:

               a      b      
a               1.000 
b              -0.998  1.000 


*******************************************************************************
Mon Apr 07 17:13:08 2014


FIT:    data read from input using 1:2
        format = x:z
	y range restricted to [100.000 : 350.000]
        #datapoints = 6
        residuals are weighted equally (unit weight)

function used for fitting: f(x)
fitted parameters initialized with current variable values



 Iteration 0
 WSSR        : 180531            delta(WSSR)/WSSR   : 0
 delta(WSSR) : 0                 limit for stopping : 1e-005
 lambda	  : 0.00458908

initial set of free parameter values

a               = 1e-030
b               = -1

After 5 iterations the fit converged.
final sum of squares of residuals : 15.5691
rel. change during last iteration : -1.08443e-007

degrees of freedom    (FIT_NDF)                        : 4
rms of residuals      (FIT_STDFIT) = sqrt(WSSR/ndf)    : 1.97288
variance of residuals (reduced chisquare) = WSSR/ndf   : 3.89226

Final set of parameters            Asymptotic Standard Error
=======================            ==========================

a               = 33804.1          +/- 2361         (6.984%)
b               = -1.04793         +/- 0.01427      (1.362%)


correlation matrix of the fit parameters:

               a      b      
a               1.000 
b              -0.998  1.000 


*******************************************************************************
Mon Apr 07 17:13:08 2014


FIT:    data read from input using 1:3:3
        format = x:z:s
	y range restricted to [100.000 : 350.000]
        #datapoints = 5
function used for fitting: f(x)
fitted parameters initialized with current variable values



 Iteration 0
 WSSR        : 0.00232322        delta(WSSR)/WSSR   : 0
 delta(WSSR) : 0                 limit for stopping : 1e-005
 lambda	  : 3.70321

initial set of free parameter values

a               = 3
b               = 1

After 6 iterations the fit converged.
final sum of squares of residuals : 0.000735517
rel. change during last iteration : -2.91375e-010

degrees of freedom    (FIT_NDF)                        : 3
rms of residuals      (FIT_STDFIT) = sqrt(WSSR/ndf)    : 0.015658
variance of residuals (reduced chisquare) = WSSR/ndf   : 0.000245172

Final set of parameters            Asymptotic Standard Error
=======================            ==========================

a               = 2.94562          +/- 0.3398       (11.53%)
b               = 1.00682          +/- 0.02167      (2.152%)


correlation matrix of the fit parameters:

               a      b      
a               1.000 
b              -0.998  1.000 


*******************************************************************************
Mon Apr 07 17:13:20 2014


FIT:    data read from input using 1:2
        format = x:z
	y range restricted to [100.000 : 350.000]
        #datapoints = 6
        residuals are weighted equally (unit weight)

function used for fitting: f(x)
fitted parameters initialized with current variable values



 Iteration 0
 WSSR        : 180531            delta(WSSR)/WSSR   : 0
 delta(WSSR) : 0                 limit for stopping : 1e-005
 lambda	  : 0.00458908

initial set of free parameter values

a               = 1e-030
b               = -1

After 5 iterations the fit converged.
final sum of squares of residuals : 15.5691
rel. change during last iteration : -1.08443e-007

degrees of freedom    (FIT_NDF)                        : 4
rms of residuals      (FIT_STDFIT) = sqrt(WSSR/ndf)    : 1.97288
variance of residuals (reduced chisquare) = WSSR/ndf   : 3.89226

Final set of parameters            Asymptotic Standard Error
=======================            ==========================

a               = 33804.1          +/- 2361         (6.984%)
b               = -1.04793         +/- 0.01427      (1.362%)


correlation matrix of the fit parameters:

               a      b      
a               1.000 
b              -0.998  1.000 


*******************************************************************************
Mon Apr 07 17:13:20 2014


FIT:    data read from input using 1:3:3
        format = x:z:s
	y range restricted to [100.000 : 350.000]
        #datapoints = 5
function used for fitting: f(x)
fitted parameters initialized with current variable values



 Iteration 0
 WSSR        : 0.00232322        delta(WSSR)/WSSR   : 0
 delta(WSSR) : 0                 limit for stopping : 1e-005
 lambda	  : 3.70321

initial set of free parameter values

a               = 3
b               = 1

After 6 iterations the fit converged.
final sum of squares of residuals : 0.000735517
rel. change during last iteration : -2.91375e-010

degrees of freedom    (FIT_NDF)                        : 3
rms of residuals      (FIT_STDFIT) = sqrt(WSSR/ndf)    : 0.015658
variance of residuals (reduced chisquare) = WSSR/ndf   : 0.000245172

Final set of parameters            Asymptotic Standard Error
=======================            ==========================

a               = 2.94562          +/- 0.3398       (11.53%)
b               = 1.00682          +/- 0.02167      (2.152%)


correlation matrix of the fit parameters:

               a      b      
a               1.000 
b              -0.998  1.000 


*******************************************************************************
Mon Apr 07 17:59:22 2014


FIT:    data read from input using 1:2
        format = x:z
	y range restricted to [100.000 : 350.000]
        #datapoints = 6
        residuals are weighted equally (unit weight)

function used for fitting: f(x)
fitted parameters initialized with current variable values



 Iteration 0
 WSSR        : 180531            delta(WSSR)/WSSR   : 0
 delta(WSSR) : 0                 limit for stopping : 1e-005
 lambda	  : 0.00458908

initial set of free parameter values

a               = 1e-030
b               = -1

After 5 iterations the fit converged.
final sum of squares of residuals : 15.5691
rel. change during last iteration : -1.08443e-007

degrees of freedom    (FIT_NDF)                        : 4
rms of residuals      (FIT_STDFIT) = sqrt(WSSR/ndf)    : 1.97288
variance of residuals (reduced chisquare) = WSSR/ndf   : 3.89226

Final set of parameters            Asymptotic Standard Error
=======================            ==========================

a               = 33804.1          +/- 2361         (6.984%)
b               = -1.04793         +/- 0.01427      (1.362%)


correlation matrix of the fit parameters:

               a      b      
a               1.000 
b              -0.998  1.000 


*******************************************************************************
Mon Apr 07 17:59:22 2014


FIT:    data read from input using 1:3:3
        format = x:z:s
	y range restricted to [100.000 : 350.000]
        #datapoints = 5
function used for fitting: f(x)
fitted parameters initialized with current variable values



 Iteration 0
 WSSR        : 0.00232322        delta(WSSR)/WSSR   : 0
 delta(WSSR) : 0                 limit for stopping : 1e-005
 lambda	  : 3.70321

initial set of free parameter values

a               = 3
b               = 1

After 6 iterations the fit converged.
final sum of squares of residuals : 0.000735517
rel. change during last iteration : -2.91375e-010

degrees of freedom    (FIT_NDF)                        : 3
rms of residuals      (FIT_STDFIT) = sqrt(WSSR/ndf)    : 0.015658
variance of residuals (reduced chisquare) = WSSR/ndf   : 0.000245172

Final set of parameters            Asymptotic Standard Error
=======================            ==========================

a               = 2.94562          +/- 0.3398       (11.53%)
b               = 1.00682          +/- 0.02167      (2.152%)


correlation matrix of the fit parameters:

               a      b      
a               1.000 
b              -0.998  1.000 


*******************************************************************************
Mon Apr 07 17:59:45 2014


FIT:    data read from input using 1:2
        format = x:z
	y range restricted to [100.000 : 350.000]
        #datapoints = 6
        residuals are weighted equally (unit weight)

function used for fitting: f(x)
fitted parameters initialized with current variable values



 Iteration 0
 WSSR        : 180531            delta(WSSR)/WSSR   : 0
 delta(WSSR) : 0                 limit for stopping : 1e-005
 lambda	  : 0.00458908

initial set of free parameter values

a               = 1e-030
b               = -1

After 5 iterations the fit converged.
final sum of squares of residuals : 15.5691
rel. change during last iteration : -1.08443e-007

degrees of freedom    (FIT_NDF)                        : 4
rms of residuals      (FIT_STDFIT) = sqrt(WSSR/ndf)    : 1.97288
variance of residuals (reduced chisquare) = WSSR/ndf   : 3.89226

Final set of parameters            Asymptotic Standard Error
=======================            ==========================

a               = 33804.1          +/- 2361         (6.984%)
b               = -1.04793         +/- 0.01427      (1.362%)


correlation matrix of the fit parameters:

               a      b      
a               1.000 
b              -0.998  1.000 


*******************************************************************************
Mon Apr 07 17:59:46 2014


FIT:    data read from input using 1:3:3
        format = x:z:s
	y range restricted to [100.000 : 350.000]
        #datapoints = 5
function used for fitting: f(x)
fitted parameters initialized with current variable values



 Iteration 0
 WSSR        : 0.00232322        delta(WSSR)/WSSR   : 0
 delta(WSSR) : 0                 limit for stopping : 1e-005
 lambda	  : 3.70321

initial set of free parameter values

a               = 3
b               = 1

After 6 iterations the fit converged.
final sum of squares of residuals : 0.000735517
rel. change during last iteration : -2.91375e-010

degrees of freedom    (FIT_NDF)                        : 3
rms of residuals      (FIT_STDFIT) = sqrt(WSSR/ndf)    : 0.015658
variance of residuals (reduced chisquare) = WSSR/ndf   : 0.000245172

Final set of parameters            Asymptotic Standard Error
=======================            ==========================

a               = 2.94562          +/- 0.3398       (11.53%)
b               = 1.00682          +/- 0.02167      (2.152%)


correlation matrix of the fit parameters:

               a      b      
a               1.000 
b              -0.998  1.000 


*******************************************************************************
Tue Apr 08 13:28:42 2014


FIT:    data read from input using 1:2
        format = x:z
	y range restricted to [100.000 : 350.000]
        #datapoints = 6
        residuals are weighted equally (unit weight)

function used for fitting: f(x)
fitted parameters initialized with current variable values



 Iteration 0
 WSSR        : 180531            delta(WSSR)/WSSR   : 0
 delta(WSSR) : 0                 limit for stopping : 1e-005
 lambda	  : 0.00458908

initial set of free parameter values

a               = 1e-030
b               = -1

After 5 iterations the fit converged.
final sum of squares of residuals : 15.5691
rel. change during last iteration : -1.08443e-007

degrees of freedom    (FIT_NDF)                        : 4
rms of residuals      (FIT_STDFIT) = sqrt(WSSR/ndf)    : 1.97288
variance of residuals (reduced chisquare) = WSSR/ndf   : 3.89226

Final set of parameters            Asymptotic Standard Error
=======================            ==========================

a               = 33804.1          +/- 2361         (6.984%)
b               = -1.04793         +/- 0.01427      (1.362%)


correlation matrix of the fit parameters:

               a      b      
a               1.000 
b              -0.998  1.000 


*******************************************************************************
Tue Apr 08 13:28:43 2014


FIT:    data read from input using 1:3:3
        format = x:z:s
	y range restricted to [100.000 : 350.000]
        #datapoints = 5
function used for fitting: f(x)
fitted parameters initialized with current variable values



 Iteration 0
 WSSR        : 0.00232322        delta(WSSR)/WSSR   : 0
 delta(WSSR) : 0                 limit for stopping : 1e-005
 lambda	  : 3.70321

initial set of free parameter values

a               = 3
b               = 1

After 6 iterations the fit converged.
final sum of squares of residuals : 0.000735517
rel. change during last iteration : -2.91375e-010

degrees of freedom    (FIT_NDF)                        : 3
rms of residuals      (FIT_STDFIT) = sqrt(WSSR/ndf)    : 0.015658
variance of residuals (reduced chisquare) = WSSR/ndf   : 0.000245172

Final set of parameters            Asymptotic Standard Error
=======================            ==========================

a               = 2.94562          +/- 0.3398       (11.53%)
b               = 1.00682          +/- 0.02167      (2.152%)


correlation matrix of the fit parameters:

               a      b      
a               1.000 
b              -0.998  1.000 
